This file contains any messages produced by compilers while
running configure, to aid debugging if configure makes a mistake.

It was created by vinagre configure 0.1, which was
generated by GNU Autoconf 2.61.  Invocation command line was

  $ ./configure --enable-maintainer-mode --prefix=/usr --enable-avahi --enable-debug

## --------- ##
## Platform. ##
## --------- ##

hostname = wendell-laptop
uname -m = i686
uname -r = 2.6.20-15-generic
uname -s = Linux
uname -v = #2 SMP Sun Apr 15 07:36:31 UTC 2007

/usr/bin/uname -p = unknown
/bin/uname -X     = unknown

/bin/arch              = i686
/usr/bin/arch -k       = unknown
/usr/convex/getsysinfo = unknown
/usr/bin/hostinfo      = unknown
/bin/machine           = unknown
/usr/bin/oslevel       = unknown
/bin/universe          = unknown

PATH: /usr/lib/ccache
PATH: /home/wendell/bin
PATH: /usr/local/sbin
PATH: /usr/local/bin
PATH: /usr/sbin
PATH: /usr/bin
PATH: /sbin
PATH: /bin
PATH: /usr/games
PATH: ./
PATH: /opt/instantclient_10_2
PATH: ./
PATH: /opt/instantclient_10_2


## ----------- ##
## Core tests. ##
## ----------- ##

configure:2053: checking for a BSD-compatible install
configure:2109: result: /usr/bin/install -c
configure:2120: checking whether build environment is sane
configure:2163: result: yes
configure:2228: checking for gawk
configure:2244: found /usr/bin/gawk
configure:2255: result: gawk
configure:2266: checking whether make sets $(MAKE)
configure:2287: result: yes
configure:2473: checking whether to enable maintainer-specific portions of Makefiles
configure:2482: result: yes
configure:2513: checking for style of include used by make
configure:2541: result: GNU
configure:2614: checking for gcc
configure:2630: found /usr/lib/ccache/gcc
configure:2641: result: gcc
configure:2879: checking for C compiler version
configure:2886: gcc --version >&5
gcc (GCC) 4.1.2 (Ubuntu 4.1.2-0ubuntu4)
Copyright (C) 2006 Free Software Foundation, Inc.
This is free software; see the source for copying conditions.  There is NO
warranty; not even for MERCHANTABILITY or FITNESS FOR A PARTICULAR PURPOSE.

configure:2889: $? = 0
configure:2896: gcc -v >&5
Using built-in specs.
Target: i486-linux-gnu
Configured with: ../src/configure -v --enable-languages=c,c++,fortran,objc,obj-c++,treelang --prefix=/usr --enable-shared --with-system-zlib --libexecdir=/usr/lib --without-included-gettext --enable-threads=posix --enable-nls --program-suffix=-4.1 --enable-__cxa_atexit --enable-clocale=gnu --enable-libstdcxx-debug --enable-mpfr --enable-checking=release i486-linux-gnu
Thread model: posix
gcc version 4.1.2 (Ubuntu 4.1.2-0ubuntu4)
configure:2899: $? = 0
configure:2906: gcc -V >&5
gcc: '-V' option must have argument
configure:2909: $? = 1
configure:2932: checking for C compiler default output file name
configure:2959: gcc -g -O0   conftest.c  >&5
configure:2962: $? = 0
configure:3000: result: a.out
configure:3017: checking whether the C compiler works
configure:3027: ./a.out
configure:3030: $? = 0
configure:3047: result: yes
configure:3054: checking whether we are cross compiling
configure:3056: result: no
configure:3059: checking for suffix of executables
configure:3066: gcc -o conftest -g -O0   conftest.c  >&5
configure:3069: $? = 0
configure:3093: result: 
configure:3099: checking for suffix of object files
configure:3125: gcc -c -g -O0  conftest.c >&5
configure:3128: $? = 0
configure:3151: result: o
configure:3155: checking whether we are using the GNU C compiler
configure:3184: gcc -c -g -O0  conftest.c >&5
configure:3190: $? = 0
configure:3207: result: yes
configure:3212: checking whether gcc accepts -g
configure:3242: gcc -c -g  conftest.c >&5
configure:3248: $? = 0
configure:3347: result: yes
configure:3364: checking for gcc option to accept ISO C89
configure:3438: gcc  -c -g -O0  conftest.c >&5
configure:3444: $? = 0
configure:3467: result: none needed
configure:3487: checking dependency style of gcc
configure:3577: result: gcc3
configure:3595: checking for library containing strerror
configure:3636: gcc -o conftest -g -O0   conftest.c  >&5
configure:3642: $? = 0
configure:3670: result: none required
configure:3726: checking for gcc
configure:3753: result: gcc
configure:3991: checking for C compiler version
configure:3998: gcc --version >&5
gcc (GCC) 4.1.2 (Ubuntu 4.1.2-0ubuntu4)
Copyright (C) 2006 Free Software Foundation, Inc.
This is free software; see the source for copying conditions.  There is NO
warranty; not even for MERCHANTABILITY or FITNESS FOR A PARTICULAR PURPOSE.

configure:4001: $? = 0
configure:4008: gcc -v >&5
Using built-in specs.
Target: i486-linux-gnu
Configured with: ../src/configure -v --enable-languages=c,c++,fortran,objc,obj-c++,treelang --prefix=/usr --enable-shared --with-system-zlib --libexecdir=/usr/lib --without-included-gettext --enable-threads=posix --enable-nls --program-suffix=-4.1 --enable-__cxa_atexit --enable-clocale=gnu --enable-libstdcxx-debug --enable-mpfr --enable-checking=release i486-linux-gnu
Thread model: posix
gcc version 4.1.2 (Ubuntu 4.1.2-0ubuntu4)
configure:4011: $? = 0
configure:4018: gcc -V >&5
gcc: '-V' option must have argument
configure:4021: $? = 1
configure:4024: checking whether we are using the GNU C compiler
configure:4076: result: yes
configure:4081: checking whether gcc accepts -g
configure:4216: result: yes
configure:4233: checking for gcc option to accept ISO C89
configure:4336: result: none needed
configure:4356: checking dependency style of gcc
configure:4446: result: gcc3
configure:4511: checking for gcc
configure:4538: result: gcc
configure:4776: checking for C compiler version
configure:4783: gcc --version >&5
gcc (GCC) 4.1.2 (Ubuntu 4.1.2-0ubuntu4)
Copyright (C) 2006 Free Software Foundation, Inc.
This is free software; see the source for copying conditions.  There is NO
warranty; not even for MERCHANTABILITY or FITNESS FOR A PARTICULAR PURPOSE.

configure:4786: $? = 0
configure:4793: gcc -v >&5
Using built-in specs.
Target: i486-linux-gnu
Configured with: ../src/configure -v --enable-languages=c,c++,fortran,objc,obj-c++,treelang --prefix=/usr --enable-shared --with-system-zlib --libexecdir=/usr/lib --without-included-gettext --enable-threads=posix --enable-nls --program-suffix=-4.1 --enable-__cxa_atexit --enable-clocale=gnu --enable-libstdcxx-debug --enable-mpfr --enable-checking=release i486-linux-gnu
Thread model: posix
gcc version 4.1.2 (Ubuntu 4.1.2-0ubuntu4)
configure:4796: $? = 0
configure:4803: gcc -V >&5
gcc: '-V' option must have argument
configure:4806: $? = 1
configure:4809: checking whether we are using the GNU C compiler
configure:4861: result: yes
configure:4866: checking whether gcc accepts -g
configure:5001: result: yes
configure:5018: checking for gcc option to accept ISO C89
configure:5121: result: none needed
configure:5141: checking dependency style of gcc
configure:5231: result: gcc3
configure:5256: checking how to run the C preprocessor
configure:5296: gcc -E  conftest.c
configure:5302: $? = 0
configure:5333: gcc -E  conftest.c
conftest.c:10:28: error: ac_nonexistent.h: No such file or directory
configure:5339: $? = 1
configure: failed program was:
| /* confdefs.h.  */
| #define PACKAGE_NAME "vinagre"
| #define PACKAGE_TARNAME "vinagre"
| #define PACKAGE_VERSION "0.1"
| #define PACKAGE_STRING "vinagre 0.1"
| #define PACKAGE_BUGREPORT ""
| #define PACKAGE "vinagre"
| #define VERSION "0.1"
| /* end confdefs.h.  */
| #include <ac_nonexistent.h>
configure:5372: result: gcc -E
configure:5401: gcc -E  conftest.c
configure:5407: $? = 0
configure:5438: gcc -E  conftest.c
conftest.c:10:28: error: ac_nonexistent.h: No such file or directory
configure:5444: $? = 1
configure: failed program was:
| /* confdefs.h.  */
| #define PACKAGE_NAME "vinagre"
| #define PACKAGE_TARNAME "vinagre"
| #define PACKAGE_VERSION "0.1"
| #define PACKAGE_STRING "vinagre 0.1"
| #define PACKAGE_BUGREPORT ""
| #define PACKAGE "vinagre"
| #define VERSION "0.1"
| /* end confdefs.h.  */
| #include <ac_nonexistent.h>
configure:5482: checking for grep that handles long lines and -e
configure:5556: result: /bin/grep
configure:5561: checking for egrep
configure:5639: result: /bin/grep -E
configure:5644: checking for ANSI C header files
configure:5674: gcc -c -g -O0  conftest.c >&5
configure:5680: $? = 0
configure:5779: gcc -o conftest -g -O0   conftest.c  >&5
configure:5782: $? = 0
configure:5788: ./conftest
configure:5791: $? = 0
configure:5808: result: yes
configure:5906: checking build system type
configure:5924: result: i686-pc-linux-gnu
configure:5946: checking host system type
configure:5961: result: i686-pc-linux-gnu
configure:5983: checking for a sed that does not truncate output
configure:6037: result: /bin/sed
configure:6051: checking for ld used by gcc
configure:6118: result: /usr/bin/ld
configure:6127: checking if the linker (/usr/bin/ld) is GNU ld
configure:6142: result: yes
configure:6147: checking for /usr/bin/ld option to reload object files
configure:6154: result: -r
configure:6172: checking for BSD-compatible nm
configure:6221: result: /usr/bin/nm -B
configure:6225: checking whether ln -s works
configure:6229: result: yes
configure:6236: checking how to recognise dependent libraries
configure:6412: result: pass_all
configure:6654: checking for sys/types.h
configure:6675: gcc -c -g -O0  conftest.c >&5
configure:6681: $? = 0
configure:6697: result: yes
configure:6654: checking for sys/stat.h
configure:6675: gcc -c -g -O0  conftest.c >&5
configure:6681: $? = 0
configure:6697: result: yes
configure:6654: checking for stdlib.h
configure:6675: gcc -c -g -O0  conftest.c >&5
configure:6681: $? = 0
configure:6697: result: yes
configure:6654: checking for string.h
configure:6675: gcc -c -g -O0  conftest.c >&5
configure:6681: $? = 0
configure:6697: result: yes
configure:6654: checking for memory.h
configure:6675: gcc -c -g -O0  conftest.c >&5
configure:6681: $? = 0
configure:6697: result: yes
configure:6654: checking for strings.h
configure:6675: gcc -c -g -O0  conftest.c >&5
configure:6681: $? = 0
configure:6697: result: yes
configure:6654: checking for inttypes.h
configure:6675: gcc -c -g -O0  conftest.c >&5
configure:6681: $? = 0
configure:6697: result: yes
configure:6654: checking for stdint.h
configure:6675: gcc -c -g -O0  conftest.c >&5
configure:6681: $? = 0
configure:6697: result: yes
configure:6654: checking for unistd.h
configure:6675: gcc -c -g -O0  conftest.c >&5
configure:6681: $? = 0
configure:6697: result: yes
configure:6724: checking dlfcn.h usability
configure:6741: gcc -c -g -O0  conftest.c >&5
configure:6747: $? = 0
configure:6761: result: yes
configure:6765: checking dlfcn.h presence
configure:6780: gcc -E  conftest.c
configure:6786: $? = 0
configure:6800: result: yes
configure:6828: checking for dlfcn.h
configure:6836: result: yes
configure:6907: checking for g++
configure:6923: found /usr/lib/ccache/g++
configure:6934: result: g++
configure:6965: checking for C++ compiler version
configure:6972: g++ --version >&5
g++ (GCC) 4.1.2 (Ubuntu 4.1.2-0ubuntu4)
Copyright (C) 2006 Free Software Foundation, Inc.
This is free software; see the source for copying conditions.  There is NO
warranty; not even for MERCHANTABILITY or FITNESS FOR A PARTICULAR PURPOSE.

configure:6975: $? = 0
configure:6982: g++ -v >&5
Using built-in specs.
Target: i486-linux-gnu
Configured with: ../src/configure -v --enable-languages=c,c++,fortran,objc,obj-c++,treelang --prefix=/usr --enable-shared --with-system-zlib --libexecdir=/usr/lib --without-included-gettext --enable-threads=posix --enable-nls --program-suffix=-4.1 --enable-__cxa_atexit --enable-clocale=gnu --enable-libstdcxx-debug --enable-mpfr --enable-checking=release i486-linux-gnu
Thread model: posix
gcc version 4.1.2 (Ubuntu 4.1.2-0ubuntu4)
configure:6985: $? = 0
configure:6992: g++ -V >&5
g++: '-V' option must have argument
configure:6995: $? = 1
configure:6998: checking whether we are using the GNU C++ compiler
configure:7027: g++ -c   conftest.cpp >&5
configure:7033: $? = 0
configure:7050: result: yes
configure:7055: checking whether g++ accepts -g
configure:7085: g++ -c -g  conftest.cpp >&5
configure:7091: $? = 0
configure:7190: result: yes
configure:7215: checking dependency style of g++
configure:7305: result: gcc3
configure:7332: checking how to run the C++ preprocessor
configure:7368: g++ -E  conftest.cpp
configure:7374: $? = 0
configure:7405: g++ -E  conftest.cpp
conftest.cpp:22:28: error: ac_nonexistent.h: No such file or directory
configure:7411: $? = 1
configure: failed program was:
| /* confdefs.h.  */
| #define PACKAGE_NAME "vinagre"
| #define PACKAGE_TARNAME "vinagre"
| #define PACKAGE_VERSION "0.1"
| #define PACKAGE_STRING "vinagre 0.1"
| #define PACKAGE_BUGREPORT ""
| #define PACKAGE "vinagre"
| #define VERSION "0.1"
| #define STDC_HEADERS 1
| #define GETTEXT_PACKAGE "vinagre"
| #define HAVE_SYS_TYPES_H 1
| #define HAVE_SYS_STAT_H 1
| #define HAVE_STDLIB_H 1
| #define HAVE_STRING_H 1
| #define HAVE_MEMORY_H 1
| #define HAVE_STRINGS_H 1
| #define HAVE_INTTYPES_H 1
| #define HAVE_STDINT_H 1
| #define HAVE_UNISTD_H 1
| #define HAVE_DLFCN_H 1
| /* end confdefs.h.  */
| #include <ac_nonexistent.h>
configure:7444: result: g++ -E
configure:7473: g++ -E  conftest.cpp
configure:7479: $? = 0
configure:7510: g++ -E  conftest.cpp
conftest.cpp:22:28: error: ac_nonexistent.h: No such file or directory
configure:7516: $? = 1
configure: failed program was:
| /* confdefs.h.  */
| #define PACKAGE_NAME "vinagre"
| #define PACKAGE_TARNAME "vinagre"
| #define PACKAGE_VERSION "0.1"
| #define PACKAGE_STRING "vinagre 0.1"
| #define PACKAGE_BUGREPORT ""
| #define PACKAGE "vinagre"
| #define VERSION "0.1"
| #define STDC_HEADERS 1
| #define GETTEXT_PACKAGE "vinagre"
| #define HAVE_SYS_TYPES_H 1
| #define HAVE_SYS_STAT_H 1
| #define HAVE_STDLIB_H 1
| #define HAVE_STRING_H 1
| #define HAVE_MEMORY_H 1
| #define HAVE_STRINGS_H 1
| #define HAVE_INTTYPES_H 1
| #define HAVE_STDINT_H 1
| #define HAVE_UNISTD_H 1
| #define HAVE_DLFCN_H 1
| /* end confdefs.h.  */
| #include <ac_nonexistent.h>
configure:7609: checking for g77
configure:7639: result: no
configure:7609: checking for xlf
configure:7639: result: no
configure:7609: checking for f77
configure:7639: result: no
configure:7609: checking for frt
configure:7639: result: no
configure:7609: checking for pgf77
configure:7639: result: no
configure:7609: checking for cf77
configure:7639: result: no
configure:7609: checking for fort77
configure:7639: result: no
configure:7609: checking for fl32
configure:7639: result: no
configure:7609: checking for af77
configure:7639: result: no
configure:7609: checking for xlf90
configure:7639: result: no
configure:7609: checking for f90
configure:7639: result: no
configure:7609: checking for pgf90
configure:7639: result: no
configure:7609: checking for pghpf
configure:7639: result: no
configure:7609: checking for epcf90
configure:7639: result: no
configure:7609: checking for gfortran
configure:7639: result: no
configure:7609: checking for g95
configure:7639: result: no
configure:7609: checking for xlf95
configure:7639: result: no
configure:7609: checking for f95
configure:7639: result: no
configure:7609: checking for fort
configure:7639: result: no
configure:7609: checking for ifort
configure:7639: result: no
configure:7609: checking for ifc
configure:7639: result: no
configure:7609: checking for efc
configure:7639: result: no
configure:7609: checking for pgf95
configure:7639: result: no
configure:7609: checking for lf95
configure:7639: result: no
configure:7609: checking for ftn
configure:7639: result: no
configure:7666: checking for Fortran 77 compiler version
configure:7673:  --version >&5
./configure: line 7674: --version: command not found
configure:7676: $? = 127
configure:7683:  -v >&5
./configure: line 7684: -v: command not found
configure:7686: $? = 127
configure:7693:  -V >&5
./configure: line 7694: -V: command not found
configure:7696: $? = 127
configure:7704: checking whether we are using the GNU Fortran 77 compiler
configure:7723:  -c  conftest.F >&5
./configure: line 7724: -c: command not found
configure:7729: $? = 127
configure: failed program was:
|       program main
| #ifndef __GNUC__
|        choke me
| #endif
| 
|       end
configure:7746: result: no
configure:7752: checking whether  accepts -g
configure:7769:  -c -g conftest.f >&5
./configure: line 7770: -c: command not found
configure:7775: $? = 127
configure: failed program was:
|       program main
| 
|       end
configure:7791: result: no
configure:7821: checking the maximum length of command line arguments
configure:7930: result: 32768
configure:7941: checking command to parse /usr/bin/nm -B output from gcc object
configure:8046: gcc -c -g -O0  conftest.c >&5
configure:8049: $? = 0
configure:8053: /usr/bin/nm -B conftest.o \| sed -n -e 's/^.*[ 	]\([ABCDGIRSTW][ABCDGIRSTW]*\)[ 	][ 	]*\([_A-Za-z][_A-Za-z0-9]*\)$/\1 \2 \2/p' \> conftest.nm
configure:8056: $? = 0
configure:8108: gcc -o conftest -g -O0   conftest.c conftstm.o >&5
configure:8111: $? = 0
configure:8149: result: ok
configure:8153: checking for objdir
configure:8168: result: .libs
configure:8260: checking for ar
configure:8276: found /usr/bin/ar
configure:8287: result: ar
configure:8356: checking for ranlib
configure:8372: found /usr/bin/ranlib
configure:8383: result: ranlib
configure:8452: checking for strip
configure:8468: found /usr/bin/strip
configure:8479: result: strip
configure:8765: checking if gcc supports -fno-rtti -fno-exceptions
configure:8783: gcc -c -g -O0  -fno-rtti -fno-exceptions conftest.c >&5
cc1: warning: command line option "-fno-rtti" is valid for C++/ObjC++ but not for C
cc1: warning: command line option "-fno-rtti" is valid for C++/ObjC++ but not for C
configure:8787: $? = 0
configure:8800: result: no
configure:8815: checking for gcc option to produce PIC
configure:9025: result: -fPIC
configure:9033: checking if gcc PIC flag -fPIC works
configure:9051: gcc -c -g -O0  -fPIC -DPIC conftest.c >&5
configure:9055: $? = 0
configure:9068: result: yes
configure:9096: checking if gcc static flag -static works
configure:9124: result: yes
configure:9134: checking if gcc supports -c -o file.o
configure:9155: gcc -c -g -O0  -o out/conftest2.o conftest.c >&5
configure:9159: $? = 0
configure:9181: result: yes
configure:9207: checking whether the gcc linker (/usr/bin/ld) supports shared libraries
configure:10162: result: yes
configure:10183: checking whether -lc should be explicitly linked in
configure:10188: gcc -c -g -O0  conftest.c >&5
configure:10191: $? = 0
configure:10206: gcc -shared conftest.o  -v -Wl,-soname -Wl,conftest -o conftest 2\>\&1 \| grep  -lc  \>/dev/null 2\>\&1
configure:10209: $? = 0
configure:10221: result: no
configure:10229: checking dynamic linker characteristics
configure:10805: result: GNU/Linux ld.so
configure:10814: checking how to hardcode library paths into programs
configure:10839: result: immediate
configure:10853: checking whether stripping libraries is possible
configure:10858: result: yes
configure:11659: checking if libtool supports shared libraries
configure:11661: result: yes
configure:11664: checking whether to build shared libraries
configure:11685: result: yes
configure:11688: checking whether to build static libraries
configure:11692: result: yes
configure:11784: creating libtool
configure:12372: checking for ld used by g++
configure:12439: result: /usr/bin/ld
configure:12448: checking if the linker (/usr/bin/ld) is GNU ld
configure:12463: result: yes
configure:12514: checking whether the g++ linker (/usr/bin/ld) supports shared libraries
configure:13448: result: yes
configure:13466: g++ -c -g -O2  conftest.cpp >&5
configure:13469: $? = 0
configure:13588: checking for g++ option to produce PIC
configure:13862: result: -fPIC
configure:13870: checking if g++ PIC flag -fPIC works
configure:13888: g++ -c -g -O2  -fPIC -DPIC conftest.cpp >&5
configure:13892: $? = 0
configure:13905: result: yes
configure:13933: checking if g++ static flag -static works
configure:13961: result: yes
configure:13971: checking if g++ supports -c -o file.o
configure:13992: g++ -c -g -O2  -o out/conftest2.o conftest.cpp >&5
configure:13996: $? = 0
configure:14018: result: yes
configure:14044: checking whether the g++ linker (/usr/bin/ld) supports shared libraries
configure:14072: result: yes
configure:14139: checking dynamic linker characteristics
configure:14715: result: GNU/Linux ld.so
configure:14724: checking how to hardcode library paths into programs
configure:14749: result: immediate
configure:20879: checking for intltool >= 0.35.0
configure:20886: result: 0.35.5 found
configure:20942: checking for perl
configure:20960: found /usr/bin/perl
configure:20972: result: /usr/bin/perl
configure:20991: checking for XML::Parser
configure:20994: result: ok
configure:21005: checking for iconv
configure:21023: found /usr/bin/iconv
configure:21036: result: /usr/bin/iconv
configure:21046: checking for msgfmt
configure:21064: found /usr/bin/msgfmt
configure:21077: result: /usr/bin/msgfmt
configure:21087: checking for msgmerge
configure:21105: found /usr/bin/msgmerge
configure:21118: result: /usr/bin/msgmerge
configure:21128: checking for xgettext
configure:21146: found /usr/bin/xgettext
configure:21159: result: /usr/bin/xgettext
configure:21196: gcc -o conftest -g -O0   conftest.c  >&5
configure:21202: $? = 0
configure:21337: checking locale.h usability
configure:21354: gcc -c -g -O0  conftest.c >&5
configure:21360: $? = 0
configure:21374: result: yes
configure:21378: checking locale.h presence
configure:21393: gcc -E  conftest.c
configure:21399: $? = 0
configure:21413: result: yes
configure:21441: checking for locale.h
configure:21449: result: yes
configure:21463: checking for LC_MESSAGES
configure:21489: gcc -o conftest -g -O0   conftest.c  >&5
configure:21495: $? = 0
configure:21512: result: yes
configure:21541: checking libintl.h usability
configure:21558: gcc -c -g -O0  conftest.c >&5
configure:21564: $? = 0
configure:21578: result: yes
configure:21582: checking libintl.h presence
configure:21597: gcc -E  conftest.c
configure:21603: $? = 0
configure:21617: result: yes
configure:21645: checking for libintl.h
configure:21652: result: yes
configure:21663: checking for ngettext in libc
configure:21691: gcc -o conftest -g -O0   conftest.c  >&5
configure:21697: $? = 0
configure:21715: result: yes
configure:21719: checking for dgettext in libc
configure:21747: gcc -o conftest -g -O0   conftest.c  >&5
configure:21753: $? = 0
configure:21771: result: yes
configure:21780: checking for bind_textdomain_codeset
configure:21836: gcc -o conftest -g -O0   conftest.c  >&5
configure:21842: $? = 0
configure:21860: result: yes
configure:22347: checking for msgfmt
configure:22374: result: /usr/bin/msgfmt
configure:22387: checking for dcgettext
configure:22443: gcc -o conftest -g -O0   conftest.c   >&5
conftest.c:49: warning: conflicting types for built-in function 'dcgettext'
configure:22449: $? = 0
configure:22467: result: yes
configure:22478: checking if msgfmt accepts -c
configure:22493: msgfmt -c -o /dev/null conftest.foo
configure:22496: $? = 0
configure:22498: result: yes
configure:22508: checking for gmsgfmt
configure:22539: result: /usr/bin/msgfmt
configure:22549: checking for xgettext
configure:22576: result: /usr/bin/xgettext
configure:22605: gcc -o conftest -g -O0   conftest.c   >&5
configure:22611: $? = 0
configure:22907: checking for pkg-config
configure:22925: found /usr/bin/pkg-config
configure:22937: result: /usr/bin/pkg-config
configure:22966: checking pkg-config is at least version 0.9.0
configure:22969: result: yes
configure:22980: checking for VINAGRE
configure:22988: $PKG_CONFIG --exists --print-errors "gtk+-2.0 >= 2.8 libglade-2.0 >= 2.6.0 gconf-2.0 "
configure:22991: $? = 0
configure:23006: $PKG_CONFIG --exists --print-errors "gtk+-2.0 >= 2.8 libglade-2.0 >= 2.6.0 gconf-2.0 "
configure:23009: $? = 0
configure:23085: result: yes
configure:23094: checking for GTKVNC
configure:23102: $PKG_CONFIG --exists --print-errors "gnutls"
configure:23105: $? = 0
configure:23120: $PKG_CONFIG --exists --print-errors "gnutls"
configure:23123: $? = 0
configure:23199: result: yes
configure:23228: checking for AVAHI
configure:23236: $PKG_CONFIG --exists --print-errors "avahi-client >= 0.6.17  avahi-glib >= 0.6.17 "
configure:23239: $? = 0
configure:23254: $PKG_CONFIG --exists --print-errors "avahi-client >= 0.6.17  avahi-glib >= 0.6.17 "
configure:23257: $? = 0
configure:23333: result: yes
configure:23507: creating ./config.status

## ---------------------- ##
## Running config.status. ##
## ---------------------- ##

This file was extended by vinagre config.status 0.1, which was
generated by GNU Autoconf 2.61.  Invocation command line was

  CONFIG_FILES    = 
  CONFIG_HEADERS  = 
  CONFIG_LINKS    = 
  CONFIG_COMMANDS = 
  $ ./config.status 

on wendell-laptop

config.status:731: creating Makefile
config.status:731: creating data/Makefile
config.status:731: creating data/vinagre.desktop.in
config.status:731: creating src/Makefile
config.status:731: creating src/gtk-vnc/Makefile
config.status:731: creating po/Makefile.in
config.status:731: creating config.h
config.status:959: config.h is unchanged
config.status:1005: executing depfiles commands
config.status:1005: executing intltool commands
config.status:1005: executing default-1 commands
config.status:1005: executing po/stamp-it commands

## ---------------- ##
## Cache variables. ##
## ---------------- ##

ac_cv_build=i686-pc-linux-gnu
ac_cv_c_compiler_gnu=yes
ac_cv_cxx_compiler_gnu=yes
ac_cv_env_AVAHI_CFLAGS_set=
ac_cv_env_AVAHI_CFLAGS_value=
ac_cv_env_AVAHI_LIBS_set=
ac_cv_env_AVAHI_LIBS_value=
ac_cv_env_CCC_set=
ac_cv_env_CCC_value=
ac_cv_env_CC_set=
ac_cv_env_CC_value=
ac_cv_env_CFLAGS_set=set
ac_cv_env_CFLAGS_value='-g -O0'
ac_cv_env_CPPFLAGS_set=
ac_cv_env_CPPFLAGS_value=
ac_cv_env_CPP_set=
ac_cv_env_CPP_value=
ac_cv_env_CXXCPP_set=
ac_cv_env_CXXCPP_value=
ac_cv_env_CXXFLAGS_set=
ac_cv_env_CXXFLAGS_value=
ac_cv_env_CXX_set=
ac_cv_env_CXX_value=
ac_cv_env_F77_set=
ac_cv_env_F77_value=
ac_cv_env_FFLAGS_set=
ac_cv_env_FFLAGS_value=
ac_cv_env_GTKVNC_CFLAGS_set=
ac_cv_env_GTKVNC_CFLAGS_value=
ac_cv_env_GTKVNC_LIBS_set=
ac_cv_env_GTKVNC_LIBS_value=
ac_cv_env_LDFLAGS_set=
ac_cv_env_LDFLAGS_value=
ac_cv_env_LIBS_set=
ac_cv_env_LIBS_value=
ac_cv_env_PKG_CONFIG_set=
ac_cv_env_PKG_CONFIG_value=
ac_cv_env_VINAGRE_CFLAGS_set=
ac_cv_env_VINAGRE_CFLAGS_value=
ac_cv_env_VINAGRE_LIBS_set=
ac_cv_env_VINAGRE_LIBS_value=
ac_cv_env_build_alias_set=
ac_cv_env_build_alias_value=
ac_cv_env_host_alias_set=
ac_cv_env_host_alias_value=
ac_cv_env_target_alias_set=
ac_cv_env_target_alias_value=
ac_cv_f77_compiler_gnu=no
ac_cv_func_bind_textdomain_codeset=yes
ac_cv_func_dcgettext=yes
ac_cv_header_dlfcn_h=yes
ac_cv_header_inttypes_h=yes
ac_cv_header_libintl_h=yes
ac_cv_header_locale_h=yes
ac_cv_header_memory_h=yes
ac_cv_header_stdc=yes
ac_cv_header_stdint_h=yes
ac_cv_header_stdlib_h=yes
ac_cv_header_string_h=yes
ac_cv_header_strings_h=yes
ac_cv_header_sys_stat_h=yes
ac_cv_header_sys_types_h=yes
ac_cv_header_unistd_h=yes
ac_cv_host=i686-pc-linux-gnu
ac_cv_objext=o
ac_cv_path_EGREP='/bin/grep -E'
ac_cv_path_GMSGFMT=/usr/bin/msgfmt
ac_cv_path_GREP=/bin/grep
ac_cv_path_INTLTOOL_ICONV=/usr/bin/iconv
ac_cv_path_INTLTOOL_MSGFMT=/usr/bin/msgfmt
ac_cv_path_INTLTOOL_MSGMERGE=/usr/bin/msgmerge
ac_cv_path_INTLTOOL_PERL=/usr/bin/perl
ac_cv_path_INTLTOOL_XGETTEXT=/usr/bin/xgettext
ac_cv_path_MSGFMT=/usr/bin/msgfmt
ac_cv_path_XGETTEXT=/usr/bin/xgettext
ac_cv_path_ac_pt_PKG_CONFIG=/usr/bin/pkg-config
ac_cv_path_install='/usr/bin/install -c'
ac_cv_prog_AWK=gawk
ac_cv_prog_CPP='gcc -E'
ac_cv_prog_CXXCPP='g++ -E'
ac_cv_prog_ac_ct_AR=ar
ac_cv_prog_ac_ct_CC=gcc
ac_cv_prog_ac_ct_CXX=g++
ac_cv_prog_ac_ct_RANLIB=ranlib
ac_cv_prog_ac_ct_STRIP=strip
ac_cv_prog_cc_c89=
ac_cv_prog_cc_g=yes
ac_cv_prog_cxx_g=yes
ac_cv_prog_f77_g=no
ac_cv_prog_make_make_set=yes
ac_cv_search_strerror='none required'
am_cv_CC_dependencies_compiler_type=gcc3
am_cv_CXX_dependencies_compiler_type=gcc3
am_cv_prog_cc_stdc=
am_cv_val_LC_MESSAGES=yes
gt_cv_func_dgettext_libc=yes
gt_cv_func_dgettext_libintl=no
gt_cv_func_ngettext_libc=yes
gt_cv_have_gettext=yes
lt_cv_deplibs_check_method=pass_all
lt_cv_file_magic_cmd='$MAGIC_CMD'
lt_cv_file_magic_test_file=
lt_cv_ld_reload_flag=-r
lt_cv_objdir=.libs
lt_cv_path_LD=/usr/bin/ld
lt_cv_path_LDCXX=/usr/bin/ld
lt_cv_path_NM='/usr/bin/nm -B'
lt_cv_path_SED=/bin/sed
lt_cv_prog_compiler_c_o=yes
lt_cv_prog_compiler_c_o_CXX=yes
lt_cv_prog_compiler_rtti_exceptions=no
lt_cv_prog_gnu_ld=yes
lt_cv_prog_gnu_ldcxx=yes
lt_cv_sys_global_symbol_pipe='sed -n -e '\''s/^.*[ 	]\([ABCDGIRSTW][ABCDGIRSTW]*\)[ 	][ 	]*\([_A-Za-z][_A-Za-z0-9]*\)$/\1 \2 \2/p'\'''
lt_cv_sys_global_symbol_to_c_name_address='sed -n -e '\''s/^: \([^ ]*\) $/  {\"\1\", (lt_ptr) 0},/p'\'' -e '\''s/^[BCDEGRST] \([^ ]*\) \([^ ]*\)$/  {"\2", (lt_ptr) \&\2},/p'\'''
lt_cv_sys_global_symbol_to_cdecl='sed -n -e '\''s/^. .* \(.*\)$/extern int \1;/p'\'''
lt_cv_sys_max_cmd_len=32768
lt_lt_cv_prog_compiler_c_o='"yes"'
lt_lt_cv_prog_compiler_c_o_CXX='"yes"'
lt_lt_cv_sys_global_symbol_pipe='"sed -n -e '\''s/^.*[ 	]\\([ABCDGIRSTW][ABCDGIRSTW]*\\)[ 	][ 	]*\\([_A-Za-z][_A-Za-z0-9]*\\)\$/\\1 \\2 \\2/p'\''"'
lt_lt_cv_sys_global_symbol_to_c_name_address='"sed -n -e '\''s/^: \\([^ ]*\\) \$/  {\\\"\\1\\\", (lt_ptr) 0},/p'\'' -e '\''s/^[BCDEGRST] \\([^ ]*\\) \\([^ ]*\\)\$/  {\"\\2\", (lt_ptr) \\&\\2},/p'\''"'
lt_lt_cv_sys_global_symbol_to_cdecl='"sed -n -e '\''s/^. .* \\(.*\\)\$/extern int \\1;/p'\''"'
pkg_cv_AVAHI_CFLAGS='-D_REENTRANT -I/usr/include/glib-2.0 -I/usr/lib/glib-2.0/include  '
pkg_cv_AVAHI_LIBS='-lavahi-common -lavahi-client -lavahi-glib -lglib-2.0  '
pkg_cv_GTKVNC_CFLAGS=' '
pkg_cv_GTKVNC_LIBS='-lgnutls  '
pkg_cv_VINAGRE_CFLAGS='-DORBIT2=1 -pthread -I/usr/include/gtk-2.0 -I/usr/lib/gtk-2.0/include -I/usr/include/atk-1.0 -I/usr/include/cairo -I/usr/include/pango-1.0 -I/usr/include/glib-2.0 -I/usr/lib/glib-2.0/include -I/usr/include/freetype2 -I/usr/include/libpng12 -I/usr/include/libglade-2.0 -I/usr/include/libxml2 -I/usr/include/gconf/2 -I/usr/include/orbit-2.0  '
pkg_cv_VINAGRE_LIBS='-pthread -lglade-2.0 -lgtk-x11-2.0 -lxml2 -lgdk-x11-2.0 -latk-1.0 -lgdk_pixbuf-2.0 -lm -lpangocairo-1.0 -lfontconfig -lXext -lXrender -lXinerama -lXi -lXrandr -lXcursor -lXfixes -lpango-1.0 -lcairo -lX11 -lgmodule-2.0 -ldl -lgconf-2 -lORBit-2 -lgthread-2.0 -lrt -lgobject-2.0 -lglib-2.0  '

## ----------------- ##
## Output variables. ##
## ----------------- ##

ACLOCAL='${SHELL} /home/wendell/sistemas/gnome/vinagre/missing --run aclocal-1.9'
ACLOCAL_AMFLAGS='${ACLOCAL_FLAGS}'
ALL_LINGUAS=''
AMDEPBACKSLASH='\'
AMDEP_FALSE='#'
AMDEP_TRUE=''
AMTAR='${SHELL} /home/wendell/sistemas/gnome/vinagre/missing --run tar'
AR='ar'
AUTOCONF='${SHELL} /home/wendell/sistemas/gnome/vinagre/missing --run autoconf'
AUTOHEADER='${SHELL} /home/wendell/sistemas/gnome/vinagre/missing --run autoheader'
AUTOMAKE='${SHELL} /home/wendell/sistemas/gnome/vinagre/missing --run automake-1.9'
AVAHI_CFLAGS='-D_REENTRANT -I/usr/include/glib-2.0 -I/usr/lib/glib-2.0/include   -DVINAGRE_HAVE_AVAHI'
AVAHI_LIBS='-lavahi-common -lavahi-client -lavahi-glib -lglib-2.0  '
AWK='gawk'
CATALOGS=''
CATOBJEXT='.gmo'
CC='gcc'
CCDEPMODE='depmode=gcc3'
CFLAGS='-g -O0 -Wall'
CPP='gcc -E'
CPPFLAGS=''
CXX='g++'
CXXCPP='g++ -E'
CXXDEPMODE='depmode=gcc3'
CXXFLAGS='-g -O2'
CYGPATH_W='echo'
DATADIRNAME='share'
DEFS='-DHAVE_CONFIG_H'
DEPDIR='.deps'
DISABLE_DEPRECATED_CFLAGS='-DG_DISABLE_DEPRECATED -DGDK_DISABLE_DEPRECATED -DGTK_DISABLE_DEPRECATED -DGDK_PIXBUF_DISABLE_DEPRECATED -DGNOME_DISABLE_DEPRECATED'
ECHO='echo'
ECHO_C=''
ECHO_N='-n'
ECHO_T=''
EGREP='/bin/grep -E'
EXEEXT=''
F77=''
FFLAGS=''
GETTEXT_PACKAGE='vinagre'
GMOFILES=''
GMSGFMT='/usr/bin/msgfmt'
GREP='/bin/grep'
GTKVNC_CFLAGS=' '
GTKVNC_LIBS='-lgnutls  '
INSTALL_DATA='${INSTALL} -m 644'
INSTALL_PROGRAM='${INSTALL}'
INSTALL_SCRIPT='${INSTALL}'
INSTALL_STRIP_PROGRAM='${SHELL} $(install_sh) -c -s'
INSTOBJEXT='.mo'
INTLLIBS=''
INTLTOOL_CAVES_RULE='%.caves:     %.caves.in     $(INTLTOOL_MERGE) $(wildcard $(top_srcdir)/po/*.po) ; LC_ALL=C $(INTLTOOL_MERGE) -d -u -c $(top_builddir)/po/.intltool-merge-cache $(top_srcdir)/po $< $@'
INTLTOOL_DESKTOP_RULE='%.desktop:   %.desktop.in   $(INTLTOOL_MERGE) $(wildcard $(top_srcdir)/po/*.po) ; LC_ALL=C $(INTLTOOL_MERGE) -d -u -c $(top_builddir)/po/.intltool-merge-cache $(top_srcdir)/po $< $@'
INTLTOOL_DIRECTORY_RULE='%.directory: %.directory.in $(INTLTOOL_MERGE) $(wildcard $(top_srcdir)/po/*.po) ; LC_ALL=C $(INTLTOOL_MERGE) -d -u -c $(top_builddir)/po/.intltool-merge-cache $(top_srcdir)/po $< $@'
INTLTOOL_EXTRACT='$(top_builddir)/intltool-extract'
INTLTOOL_ICONV='/usr/bin/iconv'
INTLTOOL_KBD_RULE='%.kbd:       %.kbd.in       $(INTLTOOL_MERGE) $(wildcard $(top_srcdir)/po/*.po) ; LC_ALL=C $(INTLTOOL_MERGE) -x -u -m -c $(top_builddir)/po/.intltool-merge-cache $(top_srcdir)/po $< $@'
INTLTOOL_KEYS_RULE='%.keys:      %.keys.in      $(INTLTOOL_MERGE) $(wildcard $(top_srcdir)/po/*.po) ; LC_ALL=C $(INTLTOOL_MERGE) -k -u -c $(top_builddir)/po/.intltool-merge-cache $(top_srcdir)/po $< $@'
INTLTOOL_MERGE='$(top_builddir)/intltool-merge'
INTLTOOL_MSGFMT='/usr/bin/msgfmt'
INTLTOOL_MSGMERGE='/usr/bin/msgmerge'
INTLTOOL_OAF_RULE='%.oaf:       %.oaf.in       $(INTLTOOL_MERGE) $(wildcard $(top_srcdir)/po/*.po) ; LC_ALL=C $(INTLTOOL_MERGE) -o -p $(top_srcdir)/po $< $@'
INTLTOOL_PERL='/usr/bin/perl'
INTLTOOL_PONG_RULE='%.pong:      %.pong.in      $(INTLTOOL_MERGE) $(wildcard $(top_srcdir)/po/*.po) ; LC_ALL=C $(INTLTOOL_MERGE) -x -u -c $(top_builddir)/po/.intltool-merge-cache $(top_srcdir)/po $< $@'
INTLTOOL_PROP_RULE='%.prop:      %.prop.in      $(INTLTOOL_MERGE) $(wildcard $(top_srcdir)/po/*.po) ; LC_ALL=C $(INTLTOOL_MERGE) -d -u -c $(top_builddir)/po/.intltool-merge-cache $(top_srcdir)/po $< $@'
INTLTOOL_SCHEMAS_RULE='%.schemas:   %.schemas.in   $(INTLTOOL_MERGE) $(wildcard $(top_srcdir)/po/*.po) ; LC_ALL=C $(INTLTOOL_MERGE) -s -u -c $(top_builddir)/po/.intltool-merge-cache $(top_srcdir)/po $< $@'
INTLTOOL_SERVER_RULE='%.server:    %.server.in    $(INTLTOOL_MERGE) $(wildcard $(top_srcdir)/po/*.po) ; LC_ALL=C $(INTLTOOL_MERGE) -o -u -c $(top_builddir)/po/.intltool-merge-cache $(top_srcdir)/po $< $@'
INTLTOOL_SERVICE_RULE='%.service: %.service.in   $(INTLTOOL_MERGE) $(wildcard $(top_srcdir)/po/*.po) ; LC_ALL=C $(INTLTOOL_MERGE) -d -u -c $(top_builddir)/po/.intltool-merge-cache $(top_srcdir)/po $< $@'
INTLTOOL_SHEET_RULE='%.sheet:     %.sheet.in     $(INTLTOOL_MERGE) $(wildcard $(top_srcdir)/po/*.po) ; LC_ALL=C $(INTLTOOL_MERGE) -x -u -c $(top_builddir)/po/.intltool-merge-cache $(top_srcdir)/po $< $@'
INTLTOOL_SOUNDLIST_RULE='%.soundlist: %.soundlist.in $(INTLTOOL_MERGE) $(wildcard $(top_srcdir)/po/*.po) ; LC_ALL=C $(INTLTOOL_MERGE) -d -u -c $(top_builddir)/po/.intltool-merge-cache $(top_srcdir)/po $< $@'
INTLTOOL_THEME_RULE='%.theme:     %.theme.in     $(INTLTOOL_MERGE) $(wildcard $(top_srcdir)/po/*.po) ; LC_ALL=C $(INTLTOOL_MERGE) -d -u -c $(top_builddir)/po/.intltool-merge-cache $(top_srcdir)/po $< $@'
INTLTOOL_UI_RULE='%.ui:        %.ui.in        $(INTLTOOL_MERGE) $(wildcard $(top_srcdir)/po/*.po) ; LC_ALL=C $(INTLTOOL_MERGE) -x -u -c $(top_builddir)/po/.intltool-merge-cache $(top_srcdir)/po $< $@'
INTLTOOL_UPDATE='$(top_builddir)/intltool-update'
INTLTOOL_XAM_RULE='%.xam:       %.xml.in       $(INTLTOOL_MERGE) $(wildcard $(top_srcdir)/po/*.po) ; LC_ALL=C $(INTLTOOL_MERGE) -x -u -c $(top_builddir)/po/.intltool-merge-cache $(top_srcdir)/po $< $@'
INTLTOOL_XGETTEXT='/usr/bin/xgettext'
INTLTOOL_XML_NOMERGE_RULE='%.xml:       %.xml.in       $(INTLTOOL_MERGE) ; LC_ALL=C $(INTLTOOL_MERGE) -x -u /tmp $< $@'
INTLTOOL_XML_RULE='%.xml:       %.xml.in       $(INTLTOOL_MERGE) $(wildcard $(top_srcdir)/po/*.po) ; LC_ALL=C $(INTLTOOL_MERGE) -x -u -c $(top_builddir)/po/.intltool-merge-cache $(top_srcdir)/po $< $@'
LDFLAGS=''
LIBOBJS=''
LIBS=''
LIBTOOL='$(SHELL) $(top_builddir)/libtool'
LN_S='ln -s'
LTLIBOBJS=''
MAINT=''
MAINTAINER_MODE_FALSE='#'
MAINTAINER_MODE_TRUE=''
MAKEINFO='${SHELL} /home/wendell/sistemas/gnome/vinagre/missing --run makeinfo'
MKINSTALLDIRS='./mkinstalldirs'
MSGFMT='/usr/bin/msgfmt'
MSGFMT_OPTS='-c'
OBJEXT='o'
PACKAGE='vinagre'
PACKAGE_BUGREPORT=''
PACKAGE_NAME='vinagre'
PACKAGE_STRING='vinagre 0.1'
PACKAGE_TARNAME='vinagre'
PACKAGE_VERSION='0.1'
PATH_SEPARATOR=':'
PKG_CONFIG='/usr/bin/pkg-config'
POFILES=''
POSUB='po'
PO_IN_DATADIR_FALSE=''
PO_IN_DATADIR_TRUE=''
RANLIB='ranlib'
SET_MAKE=''
SHELL='/bin/sh'
STRIP='strip'
USE_NLS='yes'
VERSION='0.1'
VINAGRE_AVAHI_FALSE='#'
VINAGRE_AVAHI_TRUE=''
VINAGRE_CFLAGS='-DORBIT2=1 -pthread -I/usr/include/gtk-2.0 -I/usr/lib/gtk-2.0/include -I/usr/include/atk-1.0 -I/usr/include/cairo -I/usr/include/pango-1.0 -I/usr/include/glib-2.0 -I/usr/lib/glib-2.0/include -I/usr/include/freetype2 -I/usr/include/libpng12 -I/usr/include/libglade-2.0 -I/usr/include/libxml2 -I/usr/include/gconf/2 -I/usr/include/orbit-2.0  '
VINAGRE_LIBS='-pthread -lglade-2.0 -lgtk-x11-2.0 -lxml2 -lgdk-x11-2.0 -latk-1.0 -lgdk_pixbuf-2.0 -lm -lpangocairo-1.0 -lfontconfig -lXext -lXrender -lXinerama -lXi -lXrandr -lXcursor -lXfixes -lpango-1.0 -lcairo -lX11 -lgmodule-2.0 -ldl -lgconf-2 -lORBit-2 -lgthread-2.0 -lrt -lgobject-2.0 -lglib-2.0  '
XGETTEXT='/usr/bin/xgettext'
ac_ct_CC='gcc'
ac_ct_CXX='g++'
ac_ct_F77=''
am__fastdepCC_FALSE='#'
am__fastdepCC_TRUE=''
am__fastdepCXX_FALSE='#'
am__fastdepCXX_TRUE=''
am__include='include'
am__leading_dot='.'
am__quote=''
am__tar='${AMTAR} chof - "$$tardir"'
am__untar='${AMTAR} xf -'
bindir='${exec_prefix}/bin'
build='i686-pc-linux-gnu'
build_alias=''
build_cpu='i686'
build_os='linux-gnu'
build_vendor='pc'
datadir='${datarootdir}'
datarootdir='${prefix}/share'
docdir='${datarootdir}/doc/${PACKAGE_TARNAME}'
dvidir='${docdir}'
exec_prefix='${prefix}'
host='i686-pc-linux-gnu'
host_alias=''
host_cpu='i686'
host_os='linux-gnu'
host_vendor='pc'
htmldir='${docdir}'
includedir='${prefix}/include'
infodir='${datarootdir}/info'
install_sh='/home/wendell/sistemas/gnome/vinagre/install-sh'
libdir='${exec_prefix}/lib'
libexecdir='${exec_prefix}/libexec'
localedir='${datarootdir}/locale'
localstatedir='${prefix}/var'
mandir='${datarootdir}/man'
mkdir_p='mkdir -p --'
oldincludedir='/usr/include'
pdfdir='${docdir}'
prefix='/usr'
program_transform_name='s,x,x,'
psdir='${docdir}'
sbindir='${exec_prefix}/sbin'
sharedstatedir='${prefix}/com'
sysconfdir='${prefix}/etc'
target_alias=''

## ----------- ##
## confdefs.h. ##
## ----------- ##

#define PACKAGE_NAME "vinagre"
#define PACKAGE_TARNAME "vinagre"
#define PACKAGE_VERSION "0.1"
#define PACKAGE_STRING "vinagre 0.1"
#define PACKAGE_BUGREPORT ""
#define PACKAGE "vinagre"
#define VERSION "0.1"
#define STDC_HEADERS 1
#define GETTEXT_PACKAGE "vinagre"
#define HAVE_SYS_TYPES_H 1
#define HAVE_SYS_STAT_H 1
#define HAVE_STDLIB_H 1
#define HAVE_STRING_H 1
#define HAVE_MEMORY_H 1
#define HAVE_STRINGS_H 1
#define HAVE_INTTYPES_H 1
#define HAVE_STDINT_H 1
#define HAVE_UNISTD_H 1
#define HAVE_DLFCN_H 1
#define HAVE_LOCALE_H 1
#define HAVE_LC_MESSAGES 1
#define HAVE_BIND_TEXTDOMAIN_CODESET 1
#define HAVE_GETTEXT 1
#define HAVE_DCGETTEXT 1
#define ENABLE_NLS 1

configure: exit 0

## ---------------------- ##
## Running config.status. ##
## ---------------------- ##

This file was extended by vinagre config.status 0.1, which was
generated by GNU Autoconf 2.61.  Invocation command line was

  CONFIG_FILES    = 
  CONFIG_HEADERS  = 
  CONFIG_LINKS    = 
  CONFIG_COMMANDS = 
  $ ./config.status config.h

on wendell-laptop

config.status:731: creating config.h
config.status:959: config.h is unchanged

## ---------------------- ##
## Running config.status. ##
## ---------------------- ##

This file was extended by vinagre config.status 0.1, which was
generated by GNU Autoconf 2.61.  Invocation command line was

  CONFIG_FILES    = 
  CONFIG_HEADERS  = 
  CONFIG_LINKS    = 
  CONFIG_COMMANDS = 
  $ ./config.status Makefile

on wendell-laptop

config.status:731: creating Makefile
